0.006507
0.001910
0.001886
0.001914
0.001673
0.001787
0.001940
0.001720
0.001683
0.001613
0.001695
0.001933
0.002628
0.001893
0.001693
0.001735
0.001766
0.001601
0.001673
0.001595
0.001707
0.001818
0.002316
0.001916
0.001798
0.001730
0.001762
0.001803
0.001824
0.001698
0.001573
0.001650
0.001692
0.001658
0.001672
0.001625
0.001740
0.001807
0.001584
0.001604
0.001682
0.001630
0.001681
0.001976
0.001612
0.001611
0.001629
0.001596
0.001701
0.001636
0.001673
0.001507
0.001590
0.001607
0.001748
0.001596
0.001703
0.001623
0.001855
0.001638
0.001627
0.001652
0.001698
0.001624
0.001657
0.001695
0.001683
0.001781
0.002083
0.001953
0.001996
0.001675
0.001915
0.001864
0.001814
0.001646
0.001700
0.001584
0.001679
0.001639
0.001605
0.001697
0.001587
0.001715
0.001781
0.001633
0.001634
0.001664
0.001705
0.001635
0.001722
0.001627
0.001651
0.001712
0.001632
0.001663
0.001758
0.001701
0.001707
0.001678
0.001617
0.001600
0.001643
0.001695
0.001641
0.001641
0.001720
0.001792
0.001623
0.001671
0.001581
0.001682
0.001718
0.001712
0.001645
0.001732
0.001725
0.001699
0.001795
0.001775
0.001719
0.001657
0.001695
0.001586
0.001756
0.001579
0.001723
0.001608
0.001621
0.001741
0.001715
0.001719
0.001630
0.001734
0.001627
0.001840
0.001723
0.001673
0.001722
0.001502
0.001789
0.001770
0.001569
0.001601
0.001681
0.001714
0.001857
0.001765
0.001822
0.001723
0.001753
0.001653
0.001596
0.001578
0.001624
0.001638
0.001800
0.001579
0.001722
0.001636
0.001732
0.001614
0.001758
0.001674
0.001728
0.001938
0.001618
0.001614
0.001680
0.001680
0.001840
0.001718
0.001783
0.001608
0.001633
0.001699
0.001704
0.001730
0.001687
0.001597
0.001561
0.001635
0.001754
0.001742
0.001569
0.001751
0.001714
0.001799
0.001603
0.001658
0.001655
0.001651
0.001692
0.001705
0.001618
0.001755
0.001856
0.001942
0.001731
0.001597
0.001726
0.001742
0.001536
0.001682
0.001591
0.001668
0.001751
0.001611
0.001806
0.001648
0.001639
0.001660
0.001648
0.001680
0.001610
0.001691
0.002766
0.001544
0.001575
0.001597
0.001762
0.001627
0.001668
0.001677
0.001680
0.001662
0.001682
0.001733
0.001618
0.001665
0.001656
0.001503
0.001648
0.001624
0.001840
0.001942
0.001813
0.001677
0.001720
0.001737
0.001782
0.001800
0.001557
0.001620
0.001615
0.001649
0.072383
0.002785
0.002089
0.001598
0.001782
0.001645
0.001676
0.001703
0.001653
0.001820
0.001634
0.001762
0.001695
0.001863
0.001745
0.001861
0.001688
0.001808
0.002108
0.001817
0.001770
0.001822
0.001613
0.001727
0.001597
0.001902
0.001664
0.001558
0.001655
0.001577
0.001637
0.001704
0.001710
0.001808
0.001701
0.001842
0.003407
0.001709
0.001808
0.001671
0.001975
0.002087
0.001920
0.001658
0.002293
0.001739
0.001788
0.001747
0.002056
0.001853
0.001829
0.001975
0.001740
0.001881
0.001743
0.001671
0.001833
0.003896
0.002185
0.000040
0.002218
0.056219
0.001963
0.000578
0.001813
0.000571
0.001905
0.055109
0.001882
0.001908
0.001834
0.000136
0.001823
0.055409
0.001714
0.001992
0.002330
0.013344
0.002599
0.002021
0.000056
0.001954
0.002020
0.001751
0.000948
0.002035
0.002233
0.001897
0.002549
0.001933
0.286717
0.001732
0.000943
0.001773
0.002092
0.002767
0.002640
0.001827
0.000067
0.000970
0.002244
0.001584
0.002204
0.299457
0.002413
0.001005
0.002016
0.002063
0.005492
0.003739
0.002072
0.003186
0.002090
0.294891
0.002156
0.003645
0.002119
0.002314
0.002511
0.002392
0.002250
0.001710
0.002359
0.273381
0.002184
0.002310
0.001882
0.002440
0.002230
0.005337
0.002043
0.002240
0.001742
0.002200
0.001934
0.003532
0.002405
0.002668
0.002376
0.002320
0.002230
0.002160
0.002279
0.002187
0.002870
0.002345
0.002442
0.002209
0.347312
0.002318
0.001422
0.002465
0.002284
0.002320
0.003029
0.002226
0.001730
0.002204
0.002284
0.002196
0.002530
0.002213
0.002280
0.002721
0.002836
0.002806
0.002168
0.002354
0.002319
0.002334
0.002214
0.000079
0.055361
0.001923
0.002601
0.000037
0.055495
0.002224
0.000199
0.055156
0.002098
0.002367
0.001455
0.002302
0.001348
0.002179
0.001664
0.002188
0.002101
0.001807
0.003073
0.001287
0.004372
0.002589
0.002218
0.002271
0.005130
0.003503
0.001356
0.002588
0.002569
0.006161
0.002140
0.006136
0.002212
0.005342
0.002405
0.004369
0.002289
0.000999
0.002422
0.002573
0.003540
0.000035
0.001402
0.002568
0.056219
0.001331
0.001377
0.055949
0.001510
0.000553
0.000046
0.001324
0.000491
0.001723
0.001348
0.004313
0.055126
0.001343
0.054936
0.001343
0.001280
0.055038
0.001344
0.001337
0.010983
0.002465
0.003288
0.000039
0.001404
0.002776
0.000868
0.001563
0.000581
0.001507
0.001342
0.055280
0.001474
0.055811
0.001697
0.055118
0.001448
0.001466
0.055376
0.001650
0.003254
0.003650
0.001793
0.000053
0.001729
0.004155
0.002862
0.055499
0.001414
0.002853
0.001846
0.001651
0.001440
0.001360
0.001356
0.001540
0.001402
0.001846
0.001453
0.001238
0.001482
0.011920
0.002969
0.001363
0.001495
0.001585
0.001456
0.001520
0.001602
0.002437
0.001252
0.003046
0.018962
0.004651
0.000044
0.007928
0.005807
0.007790
0.002715
0.007084
0.003811
0.004768
0.013328
0.004852
0.001582
0.007215
0.001443
0.004764
0.005763
0.0009
0.0002
0.0003
0.0002
0.0002
0.0003
0.0002
0.0002
0.0002
0.0002
0.0003
0.0003
0.0003
0.0002
0.0002
0.0002
0.0002
0.0002
0.0002
0.0003
0.0002
0.0003
0.0002
0.0002
0.0003
0.0002
0.0003
0.0002
0.0002
0.0003
0.0003
0.0002
0.0002
0.0003
0.0004
0.0003
0.0003
0.0003
0.0003
0.0002
0.0003
0.0003
0.0003
0.0003
0.0003
0.0002
0.0002
0.0002
0.0003
0.0003
0.0003
0.0003
0.0003
0.0003
0.0002
0.0002
0.0002
0.0002
0.0002
0.0003
0.0002
0.0003
0.0002
0.0002
0.0002
0.0002
0.0002
0.0002
0.0003
0.0003
0.0004
0.0003
0.0003
0.0003
0.0002
0.0003
0.0003
0.0007
0.0002
0.0002
0.0003
0.0003
0.0002
0.0002
0.0002
0.0003
0.0003
0.0003
0.0002
0.0002
0.0002
0.0003
0.0003
0.0002
0.0002
0.0002
0.0003
0.0003
0.0003
0.0002
0.0005
0.0002
0.0002
0.0002
0.0003
0.0002
0.0002
0.0002
0.0003
0.0002
0.0002
0.0002
0.0002
0.0002
0.0002
0.0002
0.0003
0.0002
0.0003
0.0002
0.0003
0.0002
0.0002
0.0002
0.0002
0.0002
0.0003
0.0002
0.0002
0.0003
0.0002
0.0002
0.0002
0.0002
0.0003
0.0002
0.0002
0.0002
0.0002
0.0002
0.0002
0.0002
0.0002
0.0002
0.0003
0.0003
0.0003
0.0003
0.0002
0.0002
0.0002
0.0003
0.0003
0.0003
0.0003
0.0003
0.0002
0.0003
0.0002
0.0002
0.0002
0.0002
0.0002
0.0003
0.0003
0.0003
0.0002
0.0003
0.0003
0.0003
0.0003
0.0002
0.0002
0.0006
0.0002
0.0003
0.0002
0.0002
0.0003
0.0003
0.0003
0.0002
0.0003
0.0003
0.0003
0.0003
0.0003
0.0003
0.0003
0.0002
0.0002
0.0002
0.0002
0.0002
0.0003
0.0002
0.0003
0.0002
0.0003
0.0002
0.0003
0.0003
0.0002
0.0003
0.0003
0.0002
0.0002
0.0002
0.0002
0.0002
0.0002
0.0002
0.0002
0.0002
0.0002
0.0003
0.0002
0.0003
0.0002
0.0002
0.0002
0.0002
0.0002
0.0002
0.0002
0.0003
0.0002
0.0002
0.0003
0.0002
0.0002
0.0002
0.0003
0.0002
0.0002
0.0003
0.0003
0.0002
0.0002
0.0002
0.0002
0.0003
0.0003
0.0002
0.0002
0.0002
0.0002
0.0002
0.0002
0.0003
0.0003
0.0003
0.0003
0.0003
0.0002
0.0003
0.0002
0.0002
0.0002
0.0003
0.0003
0.0003
0.0002
0.0002
0.0002
0.0003
0.0003
0.0002
0.0002
0.0002
0.0002
0.0002
0.0002
0.0003
0.0002
0.0003
0.0002
0.0002
0.0002
0.0003
0.0003
0.0002
0.0003
0.0002
0.0003
0.0002
0.0002
0.0003
0.0002
0.0002
0.0002
0.0003
0.0003
0.0002
0.0002
0.0003
0.0002
0.0003
0.0002
0.0002
0.0003
0.0003
0.0002
0.0002
0.0002
0.0002
0.0002
0.0002
0.0003
0.0002
0.0003
0.0003
0.0002
0.0002
0.0002
0.0003
0.0002
0.0003
0.0003
0.0002
0.0002
0.0002
0.0003
0.0002
0.0002
0.0002
0.0002
0.0002
0.0002
0.0002
0.0002
0.0002
0.0002
0.0002
0.0003
0.0002
0.0003
0.0002
0.0002
0.0002
0.0002
0.0002
0.0002
0.0002
0.0002
0.0002
0.0002
0.0002
0.0002
0.0003
0.0003
0.0002
0.0002
0.0002
0.0002
0.0002
0.0002
0.0002
0.0002
0.0003
0.0002
0.0003
0.0003
0.0003
0.0002
0.0002
0.0002
0.0002
0.0002
0.0003
0.0003
0.0002
0.0002
0.0002
0.0002
0.0003
0.0002
0.0002
0.0003
0.0003
0.0004
0.0002
0.0002
0.0002
0.0003
0.0003
0.0002
0.0002
0.0003
0.0002
0.0002
0.0002
0.0002
0.0003
0.0002
0.0002
0.0003
0.0002
0.0003
0.0002
0.0002
0.0002
0.0003
0.0002
0.0002
0.0003
0.0002
0.0002
0.0002
0.0002
0.0002
0.0002
0.0002
0.0003
0.0002
0.0002
0.0003
0.0003
0.0003
0.0003
0.0003
0.0002
0.0002
0.0003
0.0002
0.0002
0.0002
0.0002
0.0002
0.0003
0.0002
0.0002
0.0003
0.0002
0.0003
0.0002
0.0002
0.0002
0.0003
0.0002
0.0002
0.0002
0.0002
0.0002
0.0003
0.0002
0.0002
0.0002
0.0002
0.0003
0.0002
0.0002
0.0002
0.0002
0.0002
0.0003
0.0002
0.0003
0.0002
0.0002
0.0003
0.0002
0.0003
0.0002
0.0002
0.0003
0.0003
0.0002
0.0002
0.0002
0.0003
0.0002
0.0002
0.0002
0.0002
0.0002
0.0002
0.0002
0.0003
0.0003
0.0003
0.0003
0.0003
0.0003
0.0002
0.0003
0.0002
0.0002
0.0002
0.0002
0.0002
0.0003
0.0003
0.0002
0.0002
0.0002
0.0002
0.0002
0.0003
0.0003
0.0002
0.0002
0.0002
0.0002
0.0003
0.0002
0.0002
0.0002
0.0002
0.0002
0.0003
0.0002
0.0002
0.0002
0.0003
0.0003
0.0003
0.0002
0.0002
0.0002
0.0002
0.0003
0.0002
0.0003
0.0003
0.0003
0.0002
0.0002
0.0002
0.0002
0.0002
0.0002
0.0003
0.0002
0.0002
0.0002
0.0003
0.0002
0.0002
0.0003
0.0003
0.0002
0.0002
0.0002
0.0002
0.0002
0.0002
0.0002
0.0003
0.0002
0.0002
0.0002
0.0002
0.0003
0.0002
0.0002
0.0002
0.0002
0.0003
0.0002
0.0002
0.0002
0.0002
0.0002
0.0002
0.0002
0.0003
0.0003
0.0002
0.0002
0.0002
0.0002
0.0002
0.0002
0.0002
0.0002
0.0002
0.0004
0.0002
0.0002
0.0002
0.0002
0.0002
0.0003
0.0003
0.0002
0.0003
0.0003
0.0002
0.0002
0.0002
0.0002
0.0002
0.0002
0.0002
0.0002
0.0002
0.0002
0.0002
0.0003
0.0002
0.0002
0.0002
0.0002
0.0002
0.0002
0.0002
0.0002
0.0002
0.0002
0.0002
0.0003
0.0003
0.0003
0.0002
0.0003
0.0003
0.0003
0.0002
0.0002
0.0002
0.0003
0.0003
0.0003
0.0003
0.0002
0.0002
0.0002
0.0002
0.0002
0.0002
0.0002
0.0003
0.0002
0.0003
0.0003
0.0003
0.0002
0.0003
0.0002
0.0002
0.0002
0.0002
0.0002
0.0002
0.0002
0.0003
0.0002
0.0003
0.0003
0.0003
0.0002
0.0002
0.0003
0.0003
0.0003
0.0002
0.0003
0.0002
0.0002
0.0003
0.0003
0.0002
0.0002
0.0002
0.0002
0.0002
0.0003
0.0003
0.0002
0.0002
0.0002
0.0003
0.0002
0.0002
0.0002
0.0002
0.0003
0.0002
0.0003
0.0002
0.0002
0.0002
0.0002
0.0003
0.0003
0.0003
0.004141
0.0346
0.004513
0.0342
0.007002
0.0248
0.008029
0.0223
0.001852
0.02
0.004857
0.0185
0.001006
0.0197
0.004862
0.0146
0.007785
0.0226
0.006548
0.0203
0.000128
0.0239
0.000031
0.0142
0.012
0.000827
0.0143
0.004583
0.0146
0.004874
0.0145
0.004503
0.0146
0.001241
0.0156
0.004424
0.0142
0.001676
0.0159
0.0169
0.001552
0.0179
0.0097
0.005041
0.0175
0.001384
0.016
0.001678
0.0161
0.0095
0.000910
0.0209
0.004631
0.0146
0.000854
0.0148
0.004461
0.0137
0.000126
0.0151
0.000750
0.0139
0.001798
0.0148
0.001815
0.0176
0.001433
0.0154
0.001803
0.0164
0.001063
0.0163
